<component name="ProjectRunConfigurationManager">
  <configuration default="false" name="test-docker-image" type="docker-deploy" factoryName="docker-compose.yml" server-name="Docker">
    <deployment type="docker-compose.yml">
      <settings>
        <option name="envFilePath" value="" />
        <option name="removeImagesOnComposeDown" value="LOCAL" />
        <option name="sourceFilePath" value="docker-compose.prod.test.yml" />
        <option name="upDetach" value="false" />
        <option name="upRemoveOrphans" value="true" />
      </settings>
    </deployment>
    <method v="2" />
  </configuration>
</component>